Content-Type: multipart/alternative;
 boundary="===============2863565561192483010=="
MIME-Version: 1.0
Subject: John: arthur@kipekee.com Placed an order
From: webmaster@localhost
To: admn@kipekee.com
Date: Wed, 04 Oct 2023 10:39:40 -0000
Message-ID: <169641598064.33846.16109576527710064387@Atom-F11>

--===============2863565561192483010==
Content-Type: text/plain; charset="utf-8"
MIME-Version: 1.0
Content-Transfer-Encoding: 7bit



John Arthur, Placed an order
Items Ordered

    
        Quantity
        Items
        Price
    
    
    
        1
        Lock and key
        23

    
    


&copy; kipekee


--===============2863565561192483010==
Content-Type: text/html; charset="utf-8"
MIME-Version: 1.0
Content-Transfer-Encoding: 7bit



<h2 style="color: gray;">John Arthur, Placed an order</h2>
<h3 style="color:darkorchid;">Items Ordered</h3>
<table border="1" style="border-collapse: collapse; border:1px; ">
    <tr style="background-color: cornflowerblue; color: white;">
        <th>Quantity</th>
        <th style="width: 100%;">Items</th>
        <th>Price</th>
    </tr>
    
    <tr style="border: 1px solid black;">
        <td>1</td>
        <td style="width: 100%;">Lock and key</td>
        <td>23</td>

    </tr>
    
</table>

<p>&copy; kipekee</p>


--===============2863565561192483010==--

-------------------------------------------------------------------------------
