Content-Type: multipart/alternative;
 boundary="===============0931263089576644457=="
MIME-Version: 1.0
Subject: Order received by kipekee
From: webmaster@localhost
To: admin@kipekee.com
Date: Sat, 07 Oct 2023 04:16:38 -0000
Message-ID: <169665219838.6085.4271904893546465635@Atom-F11>

--===============0931263089576644457==
Content-Type: text/plain; charset="utf-8"
MIME-Version: 1.0
Content-Transfer-Encoding: 7bit



Hello  ,
We Have Received Your Order Of the following items

    
    1 - Lock and key
    

Thank you for shopping with us.
Reguards
John Arthur S.
&copy; kipekee


--===============0931263089576644457==
Content-Type: text/html; charset="utf-8"
MIME-Version: 1.0
Content-Transfer-Encoding: 7bit



<h2 style="color: gray;">Hello  ,</h2>
<h3 style="color:darkorchid;">We Have Received Your Order Of the following items</h3>
<table border="1" style="border-collapse: collapse; border:1px; ">
    <tr style="background-color: cornflowerblue; color: white;">
        <th>Quantity</th>
        <th style="width: 100%;">Items</th>
        <th>Price</th>
    </tr>
    
    <tr style="border: 1px solid black;">
        <td>1</td>
        <td style="width: 100%;">Lock and key</td>
        <td>23</td>

    </tr>
    
</table>
<p>Thank you for shopping with us.</p>
<p>Regards</p>
<p>John Arthur S.</p>
<p>&copy; kipekee</p>


--===============0931263089576644457==--

-------------------------------------------------------------------------------
