Content-Type: multipart/alternative;
 boundary="===============9099792613237785017=="
MIME-Version: 1.0
Subject: Order received by kipekee
From: webmaster@localhost
To: martha@shop.com
Date: Sun, 22 Oct 2023 13:58:40 -0000
Message-ID: <169798312012.7019.17659153266318773068@Atom-F11>

--===============9099792613237785017==
Content-Type: text/plain; charset="utf-8"
MIME-Version: 1.0
Content-Transfer-Encoding: 7bit



Hello Martha Ondigi,
We Have Received Your Order Of the following items

    
    1 - Office Station
    

Thank you for shopping with us.
Reguards
John Arthur S.
&copy; kipekee


--===============9099792613237785017==
Content-Type: text/html; charset="utf-8"
MIME-Version: 1.0
Content-Transfer-Encoding: 7bit



<h2 style="color: gray;">Hello Martha Ondigi,</h2>
<h3 style="color:darkorchid;">We Have Received Your Order Of the following items</h3>
<table border="1" style="border-collapse: collapse; border:1px; ">
    <tr style="background-color: cornflowerblue; color: white;">
        <th>Quantity</th>
        <th style="width: 100%;">Items</th>
        <th>Price</th>
    </tr>
    
    <tr style="border: 1px solid black;">
        <td>1</td>
        <td style="width: 100%;">Office Station</td>
        <td>34</td>

    </tr>
    
</table>
<p>Thank you for shopping with us.</p>
<p>Regards</p>
<p>John Arthur S.</p>
<p>&copy; kipekee</p>


--===============9099792613237785017==--

-------------------------------------------------------------------------------
