Content-Type: multipart/alternative;
 boundary="===============0193964222503606380=="
MIME-Version: 1.0
Subject: Order received by kipekee
From: webmaster@localhost
To: admin@kipekee.com
Date: Mon, 09 Oct 2023 19:12:46 -0000
Message-ID: <169687876669.11959.3492895982810021380@Atom-F11>

--===============0193964222503606380==
Content-Type: text/plain; charset="utf-8"
MIME-Version: 1.0
Content-Transfer-Encoding: 7bit



Hello  ,
We Have Received Your Order Of the following items

    
    5 - Lock and key
    

Thank you for shopping with us.
Reguards
John Arthur S.
&copy; kipekee


--===============0193964222503606380==
Content-Type: text/html; charset="utf-8"
MIME-Version: 1.0
Content-Transfer-Encoding: 7bit



<h2 style="color: gray;">Hello  ,</h2>
<h3 style="color:darkorchid;">We Have Received Your Order Of the following items</h3>
<table border="1" style="border-collapse: collapse; border:1px; ">
    <tr style="background-color: cornflowerblue; color: white;">
        <th>Quantity</th>
        <th style="width: 100%;">Items</th>
        <th>Price</th>
    </tr>
    
    <tr style="border: 1px solid black;">
        <td>5</td>
        <td style="width: 100%;">Lock and key</td>
        <td>115</td>

    </tr>
    
</table>
<p>Thank you for shopping with us.</p>
<p>Regards</p>
<p>John Arthur S.</p>
<p>&copy; kipekee</p>


--===============0193964222503606380==--

-------------------------------------------------------------------------------
